<?xml version="1.0" encoding="UTF-8" ?>
<testsuite tests="6" failures="0" name="com.projeto.ArenaTest" time="0.024" errors="0" skipped="0">
  <properties>
[...]
</properties>
  <testcase classname="com.projeto.ArenaTest" name="samuraiXMagoTest" time="0.024"/>
  <testcase classname="com.projeto.ArenaTest" name="magoXSamuraiTest" time="0"/>
  <testcase classname="com.projeto.ArenaTest" name="samuraiXFerreiroTest" time="0"/>
  <testcase classname="com.projeto.ArenaTest" name="magoXFerreiroTest" time="0"/>
  <testcase classname="com.projeto.ArenaTest" name="ferreiroXSamuraiTest" time="0"/>
  <testcase classname="com.projeto.ArenaTest" name="ferreiroXMagoTest" time="0"/>
</testsuite>